<?xml version="1.0" encoding="UTF-8"?>
<!-- Generated by org.testng.reporters.JUnitReportReporter -->
<testsuite hostname="LAPTOP-H6KJKKM0" failures="0" tests="1" name="qaclickacademy.appiumTest" time="0.016" errors="0" timestamp="2020-01-05T01:15:52 CST" skipped="0">
  <testcase classname="qaclickacademy.appiumTest" name="mobileAutomation" time="0.016"/>
</testsuite> <!-- qaclickacademy.appiumTest -->
