<?xml version="1.0" encoding="UTF-8"?>
<!-- Generated by org.testng.reporters.JUnitReportReporter -->
<testsuite hostname="LAPTOP-H6KJKKM0" failures="0" tests="1" name="qaclickacademy.appiumTest" time="0.000" errors="0" timestamp="2020-01-05T02:00:42 CST" skipped="0">
  <testcase classname="qaclickacademy.appiumTest" name="mobileAutomation" time="0.000"/>
  <system-out/>
</testsuite> <!-- qaclickacademy.appiumTest -->
